<?xml version="1.0" encoding="UTF-8"?>
<!-- Generated by org.testng.reporters.JUnitReportReporter -->
<testsuite hostname="DESKTOP-BF2QF85" name="runner.RunCuke" tests="1" failures="0" timestamp="23 Aug 2019 07:41:39 GMT" time="45.012" errors="0">
  <testcase name="feature" time="45.012" classname="runner.RunCuke"/>
</testsuite> <!-- runner.RunCuke -->
